Mon, 04 May 2020 04:53:54 GMT | INFO | fileActions.log | FILE UPLOADED to S3 | 
Mon, 04 May 2020 04:54:35 GMT | INFO | fileActions.log | FILE DELETED from S3 | 
Mon, 04 May 2020 04:59:24 GMT | INFO | fileActions.log | FILE DELETED from S3 | 
Mon, 04 May 2020 18:11:23 GMT | INFO | fileActions.log | FILE UPLOADED to S3 | 
Mon, 04 May 2020 18:13:12 GMT | INFO | fileActions.log | FILE DELETED from S3 | 
Tue, 05 May 2020 05:14:57 GMT | INFO | fileActions.log | FILE DELETED from S3 | 
Tue, 05 May 2020 05:21:09 GMT | INFO | fileActions.log | FILE UPLOADED to S3 | 
Tue, 05 May 2020 05:53:12 GMT | INFO | fileActions.log | FILE DELETED from S3 | 
Tue, 05 May 2020 05:53:51 GMT | INFO | fileActions.log | FILE UPLOADED to S3 | 
Tue, 05 May 2020 06:03:19 GMT | INFO | fileActions.log | FILE DELETED from S3 | 
Tue, 05 May 2020 06:03:59 GMT | INFO | fileActions.log | FILE DELETED from S3 | 
Tue, 05 May 2020 06:05:44 GMT | INFO | fileActions.log | FILE DELETED from S3 | 
Tue, 05 May 2020 06:08:35 GMT | INFO | fileActions.log | FILE UPLOADED to S3 | 
Tue, 05 May 2020 06:09:16 GMT | INFO | fileActions.log | FILE DELETED from S3 | 
Tue, 05 May 2020 06:12:54 GMT | INFO | fileActions.log | FILE UPLOADED to S3 | 
Tue, 05 May 2020 06:14:08 GMT | INFO | fileActions.log | FILE UPLOADED to S3 | 
Tue, 05 May 2020 06:20:48 GMT | INFO | fileActions.log | FILE DELETED from S3 | 
Tue, 05 May 2020 06:20:49 GMT | INFO | fileActions.log | FILE DELETED from S3 | 
Tue, 05 May 2020 06:21:01 GMT | INFO | fileActions.log | FILE UPLOADED to S3 | 
Tue, 05 May 2020 06:21:26 GMT | INFO | fileActions.log | FILE DELETED from S3 | 
Tue, 05 May 2020 06:21:27 GMT | INFO | fileActions.log | FILE DELETED from S3 | 
Tue, 05 May 2020 09:12:28 GMT | INFO | fileActions.log | FILE UPLOADED to S3 | 
Tue, 05 May 2020 09:26:35 GMT | INFO | fileActions.log | FILE UPLOADED to S3 | 
Mon, 11 May 2020 05:40:43 GMT | INFO | fileActions.log | FILE UPLOADED to S3 | 
Mon, 11 May 2020 06:36:58 GMT | INFO | fileActions.log | FILE DELETED from S3 | 
Mon, 11 May 2020 06:37:09 GMT | INFO | fileActions.log | FILE DELETED from S3 | 
Mon, 11 May 2020 06:39:06 GMT | INFO | fileActions.log | FILE UPLOADED to S3 | 
Mon, 11 May 2020 06:39:24 GMT | INFO | fileActions.log | FILE DELETED from S3 | 
Wed, 20 May 2020 05:35:18 GMT | INFO | fileActions.log | FILE UPLOADED to S3 | 
Wed, 20 May 2020 05:37:11 GMT | INFO | fileActions.log | FILE UPLOADED to S3 | 
Wed, 20 May 2020 06:57:20 GMT | INFO | fileActions.log | FILE UPLOADED to S3 | 
Wed, 20 May 2020 08:58:35 GMT | INFO | fileActions.log | FILE UPLOADED to S3 | 
Wed, 20 May 2020 09:02:05 GMT | INFO | fileActions.log | FILE DELETED from S3 | 
Wed, 20 May 2020 09:02:10 GMT | INFO | fileActions.log | FILE DELETED from S3 | 
Wed, 20 May 2020 10:55:11 GMT | INFO | fileActions.log | FILE UPLOADED to S3 | 
Wed, 20 May 2020 10:57:00 GMT | INFO | fileActions.log | FILE DELETED from S3 | 
Tue, 02 Jun 2020 15:29:04 GMT | INFO | fileActions.log | FILE UPLOADED to S3 | 
Tue, 02 Jun 2020 15:34:48 GMT | INFO | fileActions.log | FILE DELETED from S3 | 
Tue, 02 Jun 2020 16:00:18 GMT | INFO | fileActions.log | FILE UPLOADED to S3 | 
Wed, 03 Jun 2020 06:09:12 GMT | INFO | fileActions.log | FILE UPLOADED to S3 | 
Wed, 03 Jun 2020 06:09:55 GMT | INFO | fileActions.log | FILE DELETED from S3 | 
Thu, 27 Aug 2020 05:36:06 GMT | INFO | fileActions.log | FILE DELETED from S3 | 
Thu, 27 Aug 2020 05:44:45 GMT | INFO | fileActions.log | FILE UPLOADED to S3 | 
Thu, 27 Aug 2020 05:45:31 GMT | INFO | fileActions.log | FILE UPLOADED to S3 | 
Thu, 27 Aug 2020 05:57:01 GMT | INFO | fileActions.log | FILE UPLOADED to S3 | 
Thu, 27 Aug 2020 05:57:11 GMT | INFO | fileActions.log | FILE DELETED from S3 | 
Thu, 27 Aug 2020 05:58:59 GMT | INFO | fileActions.log | FILE UPLOADED to S3 | 
Thu, 27 Aug 2020 05:59:16 GMT | INFO | fileActions.log | FILE DELETED from S3 | 
Thu, 27 Aug 2020 05:59:48 GMT | INFO | fileActions.log | FILE DELETED from S3 | 
Thu, 27 Aug 2020 05:59:49 GMT | INFO | fileActions.log | FILE DELETED from S3 | 
Thu, 27 Aug 2020 05:59:50 GMT | INFO | fileActions.log | FILE DELETED from S3 | 
Thu, 27 Aug 2020 05:59:51 GMT | INFO | fileActions.log | FILE DELETED from S3 | 
Thu, 27 Aug 2020 06:00:24 GMT | INFO | fileActions.log | FILE UPLOADED to S3 | 
