Mon, 04 May 2020 04:26:51 GMT | INFO | login.log | LOGIN SUCCESS! | 
Mon, 04 May 2020 04:47:21 GMT | ERROR | login.log | INVALID EMAIL | 
Mon, 04 May 2020 04:47:37 GMT | ERROR | login.log | WRONG PASSWORD | 
Mon, 04 May 2020 04:53:47 GMT | INFO | login.log | LOGIN SUCCESS! | 
Mon, 04 May 2020 12:16:00 GMT | ERROR | login.log | WRONG PASSWORD | 
Mon, 04 May 2020 12:19:52 GMT | ERROR | login.log | WRONG PASSWORD | 
Mon, 04 May 2020 12:21:24 GMT | ERROR | login.log | WRONG PASSWORD | 
Mon, 04 May 2020 12:22:48 GMT | ERROR | login.log | WRONG PASSWORD | 
Mon, 04 May 2020 16:46:27 GMT | ERROR | login.log | WRONG PASSWORD | 
Mon, 04 May 2020 16:46:51 GMT | ERROR | login.log | WRONG PASSWORD | 
Mon, 04 May 2020 16:47:33 GMT | ERROR | login.log | WRONG PASSWORD | 
Mon, 04 May 2020 16:50:08 GMT | ERROR | login.log | WRONG PASSWORD | 
Mon, 04 May 2020 16:50:35 GMT | ERROR | login.log | WRONG PASSWORD | 
Mon, 04 May 2020 16:57:48 GMT | ERROR | login.log | INVALID EMAIL | 
Mon, 04 May 2020 16:58:39 GMT | ERROR | login.log | WRONG PASSWORD | 
Mon, 04 May 2020 18:04:10 GMT | INFO | login.log | LOGIN SUCCESS! | 
Mon, 04 May 2020 18:11:08 GMT | INFO | login.log | LOGIN SUCCESS! | 
Tue, 05 May 2020 03:42:59 GMT | INFO | login.log | LOGIN SUCCESS! | 
Tue, 05 May 2020 03:49:50 GMT | ERROR | login.log | WRONG PASSWORD | 
Tue, 05 May 2020 03:49:51 GMT | ERROR | login.log | WRONG PASSWORD | 
Tue, 05 May 2020 03:49:52 GMT | ERROR | login.log | WRONG PASSWORD | 
Tue, 05 May 2020 03:50:31 GMT | ERROR | login.log | WRONG PASSWORD | 
Tue, 05 May 2020 03:51:30 GMT | ERROR | login.log | WRONG PASSWORD | 
Tue, 05 May 2020 03:51:31 GMT | ERROR | login.log | WRONG PASSWORD | 
Tue, 05 May 2020 03:51:44 GMT | ERROR | login.log | WRONG PASSWORD | 
Tue, 05 May 2020 03:51:52 GMT | ERROR | login.log | INVALID EMAIL | 
Tue, 05 May 2020 03:52:10 GMT | ERROR | login.log | INVALID EMAIL | 
Tue, 05 May 2020 03:52:24 GMT | ERROR | login.log | INVALID EMAIL | 
Tue, 05 May 2020 03:58:44 GMT | ERROR | login.log | WRONG PASSWORD | 
Tue, 05 May 2020 03:59:30 GMT | ERROR | login.log | WRONG PASSWORD | 
Tue, 05 May 2020 04:00:41 GMT | INFO | login.log | LOGIN SUCCESS! | 
Tue, 05 May 2020 04:01:01 GMT | ERROR | login.log | WRONG PASSWORD | 
Tue, 05 May 2020 04:01:36 GMT | ERROR | login.log | WRONG PASSWORD | 
Tue, 05 May 2020 04:02:37 GMT | ERROR | login.log | WRONG PASSWORD | 
Tue, 05 May 2020 04:03:22 GMT | ERROR | login.log | WRONG PASSWORD | 
Tue, 05 May 2020 04:06:16 GMT | ERROR | login.log | WRONG PASSWORD | 
Tue, 05 May 2020 04:07:08 GMT | ERROR | login.log | WRONG PASSWORD | 
Tue, 05 May 2020 04:07:11 GMT | ERROR | login.log | WRONG PASSWORD | 
Tue, 05 May 2020 04:07:36 GMT | ERROR | login.log | WRONG PASSWORD | 
Tue, 05 May 2020 04:09:56 GMT | ERROR | login.log | WRONG PASSWORD | 
Tue, 05 May 2020 04:13:42 GMT | ERROR | login.log | WRONG PASSWORD | 
Tue, 05 May 2020 04:14:24 GMT | ERROR | login.log | WRONG PASSWORD | 
Tue, 05 May 2020 04:14:51 GMT | ERROR | login.log | WRONG PASSWORD | 
Tue, 05 May 2020 04:15:07 GMT | ERROR | login.log | WRONG PASSWORD | 
Tue, 05 May 2020 04:15:49 GMT | ERROR | login.log | WRONG PASSWORD | 
Tue, 05 May 2020 04:16:10 GMT | ERROR | login.log | WRONG PASSWORD | 
Tue, 05 May 2020 04:17:19 GMT | ERROR | login.log | WRONG PASSWORD | 
Tue, 05 May 2020 04:17:45 GMT | ERROR | login.log | WRONG PASSWORD | 
Tue, 05 May 2020 04:23:40 GMT | ERROR | login.log | WRONG PASSWORD | 
Tue, 05 May 2020 04:24:39 GMT | ERROR | login.log | WRONG PASSWORD | 
Tue, 05 May 2020 04:29:46 GMT | ERROR | login.log | WRONG PASSWORD | 
Tue, 05 May 2020 04:29:52 GMT | ERROR | login.log | WRONG PASSWORD | 
Tue, 05 May 2020 04:30:22 GMT | ERROR | login.log | WRONG PASSWORD | 
Tue, 05 May 2020 04:42:44 GMT | INFO | login.log | LOGIN SUCCESS! | 
Tue, 05 May 2020 04:50:05 GMT | INFO | login.log | LOGIN SUCCESS! | 
Tue, 05 May 2020 04:51:33 GMT | INFO | login.log | LOGIN SUCCESS! | 
Tue, 05 May 2020 04:52:32 GMT | ERROR | login.log | INVALID EMAIL | 
Tue, 05 May 2020 04:52:36 GMT | INFO | login.log | LOGIN SUCCESS! | 
Tue, 05 May 2020 05:02:17 GMT | INFO | login.log | LOGIN SUCCESS! | 
Tue, 05 May 2020 05:52:52 GMT | INFO | login.log | LOGIN SUCCESS! | 
Tue, 05 May 2020 06:19:53 GMT | ERROR | login.log | WRONG PASSWORD | 
Tue, 05 May 2020 06:19:55 GMT | ERROR | login.log | WRONG PASSWORD | 
Tue, 05 May 2020 06:20:01 GMT | ERROR | login.log | INVALID EMAIL | 
Tue, 05 May 2020 06:20:41 GMT | INFO | login.log | LOGIN SUCCESS! | 
Tue, 05 May 2020 07:02:55 GMT | INFO | login.log | LOGIN SUCCESS! | 
Tue, 05 May 2020 07:03:35 GMT | ERROR | login.log | WRONG PASSWORD | 
Tue, 05 May 2020 07:11:30 GMT | INFO | login.log | LOGIN SUCCESS! | 
Tue, 05 May 2020 08:52:00 GMT | INFO | login.log | LOGIN SUCCESS! | 
Tue, 05 May 2020 08:54:14 GMT | INFO | login.log | LOGIN SUCCESS! | 
Tue, 05 May 2020 08:54:47 GMT | INFO | login.log | LOGIN SUCCESS! | 
Tue, 05 May 2020 08:54:50 GMT | INFO | login.log | LOGIN SUCCESS! | 
Tue, 05 May 2020 08:55:11 GMT | INFO | login.log | LOGIN SUCCESS! | 
Tue, 05 May 2020 08:56:06 GMT | INFO | login.log | LOGIN SUCCESS! | 
Tue, 05 May 2020 08:56:51 GMT | INFO | login.log | LOGIN SUCCESS! | 
Tue, 05 May 2020 08:59:55 GMT | INFO | login.log | LOGIN SUCCESS! | 
Tue, 05 May 2020 09:01:13 GMT | INFO | login.log | LOGIN SUCCESS! | 
Tue, 05 May 2020 09:04:22 GMT | INFO | login.log | LOGIN SUCCESS! | 
Tue, 05 May 2020 09:05:54 GMT | INFO | login.log | LOGIN SUCCESS! | 
Tue, 05 May 2020 09:07:23 GMT | ERROR | login.log | WRONG PASSWORD | 
Tue, 05 May 2020 09:07:28 GMT | INFO | login.log | LOGIN SUCCESS! | 
Tue, 05 May 2020 09:08:44 GMT | INFO | login.log | LOGIN SUCCESS! | 
Tue, 05 May 2020 09:09:40 GMT | ERROR | login.log | INVALID EMAIL | 
Tue, 05 May 2020 09:09:46 GMT | INFO | login.log | LOGIN SUCCESS! | 
Tue, 05 May 2020 09:11:44 GMT | INFO | login.log | LOGIN SUCCESS! | 
Tue, 05 May 2020 09:32:54 GMT | INFO | login.log | LOGIN SUCCESS! | 
Tue, 05 May 2020 09:33:32 GMT | ERROR | login.log | WRONG PASSWORD | 
Tue, 05 May 2020 09:34:03 GMT | ERROR | login.log | WRONG PASSWORD | 
Tue, 05 May 2020 09:34:12 GMT | ERROR | login.log | INVALID EMAIL | 
Tue, 05 May 2020 10:11:39 GMT | ERROR | login.log | INVALID EMAIL | 
Tue, 05 May 2020 10:11:44 GMT | ERROR | login.log | INVALID EMAIL | 
Tue, 05 May 2020 10:11:52 GMT | ERROR | login.log | INVALID EMAIL | 
Tue, 05 May 2020 10:11:53 GMT | ERROR | login.log | INVALID EMAIL | 
Tue, 05 May 2020 10:12:03 GMT | INFO | login.log | LOGIN SUCCESS! | 
Fri, 08 May 2020 09:43:40 GMT | INFO | login.log | LOGIN SUCCESS! | 
Fri, 08 May 2020 09:44:16 GMT | ERROR | login.log | INVALID EMAIL | 
Fri, 08 May 2020 09:44:35 GMT | ERROR | login.log | INVALID EMAIL | 
Mon, 11 May 2020 02:22:25 GMT | INFO | login.log | LOGIN SUCCESS! | 
Mon, 11 May 2020 02:30:43 GMT | ERROR | login.log | INVALID EMAIL | 
Mon, 11 May 2020 02:30:53 GMT | INFO | login.log | LOGIN SUCCESS! | 
Mon, 11 May 2020 02:44:27 GMT | INFO | login.log | LOGIN SUCCESS! | 
Mon, 11 May 2020 02:44:56 GMT | INFO | login.log | LOGIN SUCCESS! | 
Mon, 11 May 2020 04:19:17 GMT | INFO | login.log | LOGIN SUCCESS! | 
Mon, 11 May 2020 04:21:10 GMT | INFO | login.log | LOGIN SUCCESS! | 
Mon, 11 May 2020 04:22:14 GMT | INFO | login.log | LOGIN SUCCESS! | 
Mon, 11 May 2020 04:23:19 GMT | ERROR | login.log | INVALID EMAIL | 
Mon, 11 May 2020 04:23:24 GMT | INFO | login.log | LOGIN SUCCESS! | 
Mon, 11 May 2020 04:23:45 GMT | INFO | login.log | LOGIN SUCCESS! | 
Mon, 11 May 2020 04:27:10 GMT | INFO | login.log | LOGIN SUCCESS! | 
Mon, 11 May 2020 04:27:30 GMT | INFO | login.log | LOGIN SUCCESS! | 
Mon, 11 May 2020 04:27:51 GMT | INFO | login.log | LOGIN SUCCESS! | 
Mon, 11 May 2020 04:28:10 GMT | INFO | login.log | LOGIN SUCCESS! | 
Mon, 11 May 2020 04:28:53 GMT | INFO | login.log | LOGIN SUCCESS! | 
Mon, 11 May 2020 04:36:52 GMT | INFO | login.log | LOGIN SUCCESS! | 
Mon, 11 May 2020 04:40:16 GMT | INFO | login.log | LOGIN SUCCESS! | 
Mon, 11 May 2020 04:41:12 GMT | INFO | login.log | LOGIN SUCCESS! | 
Mon, 11 May 2020 04:41:32 GMT | INFO | login.log | LOGIN SUCCESS! | 
Mon, 11 May 2020 05:19:00 GMT | ERROR | login.log | WRONG PASSWORD | 
Mon, 11 May 2020 05:19:06 GMT | INFO | login.log | LOGIN SUCCESS! | 
Mon, 11 May 2020 05:20:08 GMT | INFO | login.log | LOGIN SUCCESS! | 
Mon, 11 May 2020 05:23:41 GMT | INFO | login.log | LOGIN SUCCESS! | 
Mon, 11 May 2020 05:39:38 GMT | INFO | login.log | LOGIN SUCCESS! | 
Mon, 11 May 2020 05:40:28 GMT | INFO | login.log | LOGIN SUCCESS! | 
Mon, 11 May 2020 07:09:17 GMT | INFO | login.log | LOGIN SUCCESS! | 
Wed, 20 May 2020 05:34:17 GMT | INFO | login.log | LOGIN SUCCESS! | 
Wed, 20 May 2020 06:57:14 GMT | INFO | login.log | LOGIN SUCCESS! | 
Wed, 20 May 2020 08:47:22 GMT | INFO | login.log | LOGIN SUCCESS! | 
Wed, 20 May 2020 09:32:39 GMT | INFO | login.log | LOGIN SUCCESS! | 
Wed, 20 May 2020 09:48:26 GMT | INFO | login.log | LOGIN SUCCESS! | 
Wed, 20 May 2020 09:55:09 GMT | ERROR | login.log | INVALID EMAIL | 
Wed, 20 May 2020 09:55:14 GMT | ERROR | login.log | INVALID EMAIL | 
Wed, 20 May 2020 10:54:44 GMT | ERROR | login.log | INVALID EMAIL | 
Wed, 20 May 2020 10:54:51 GMT | ERROR | login.log | WRONG PASSWORD | 
Wed, 20 May 2020 10:54:57 GMT | INFO | login.log | LOGIN SUCCESS! | 
Mon, 25 May 2020 15:02:57 GMT | INFO | login.log | LOGIN SUCCESS! | 
Tue, 02 Jun 2020 15:28:22 GMT | INFO | login.log | LOGIN SUCCESS! | 
Tue, 02 Jun 2020 15:36:08 GMT | INFO | login.log | LOGIN SUCCESS! | 
Tue, 02 Jun 2020 15:55:40 GMT | INFO | login.log | LOGIN SUCCESS! | 
Wed, 03 Jun 2020 06:08:54 GMT | INFO | login.log | LOGIN SUCCESS! | 
Wed, 03 Jun 2020 06:10:58 GMT | INFO | login.log | LOGIN SUCCESS! | 
Thu, 20 Aug 2020 04:35:36 GMT | INFO | login.log | LOGIN SUCCESS! | 
Thu, 20 Aug 2020 04:52:16 GMT | ERROR | login.log | INVALID EMAIL | 
Thu, 20 Aug 2020 04:52:23 GMT | ERROR | login.log | WRONG PASSWORD | 
Thu, 20 Aug 2020 04:52:31 GMT | ERROR | login.log | WRONG PASSWORD | 
Thu, 20 Aug 2020 04:52:37 GMT | INFO | login.log | LOGIN SUCCESS! | 
Tue, 25 Aug 2020 05:56:38 GMT | INFO | login.log | LOGIN SUCCESS! | 
Wed, 26 Aug 2020 07:05:55 GMT | INFO | login.log | LOGIN SUCCESS! | 
Wed, 26 Aug 2020 07:06:27 GMT | INFO | login.log | LOGIN SUCCESS! | 
Wed, 26 Aug 2020 07:18:36 GMT | INFO | login.log | LOGIN SUCCESS! | 
Wed, 26 Aug 2020 07:19:23 GMT | INFO | login.log | LOGIN SUCCESS! | 
Wed, 26 Aug 2020 07:45:13 GMT | INFO | login.log | LOGIN SUCCESS! | 
