Mon, 04 May 2020 04:46:57 GMT | INFO | logout.log | SIGNOUT SUCCESS | 
Mon, 04 May 2020 18:04:28 GMT | INFO | logout.log | SIGNOUT SUCCESS | 
Mon, 04 May 2020 18:13:36 GMT | INFO | logout.log | SIGNOUT SUCCESS | 
Tue, 05 May 2020 03:43:03 GMT | INFO | logout.log | SIGNOUT SUCCESS | 
Tue, 05 May 2020 04:00:53 GMT | INFO | logout.log | SIGNOUT SUCCESS | 
Tue, 05 May 2020 04:50:09 GMT | INFO | logout.log | SIGNOUT SUCCESS | 
Tue, 05 May 2020 04:51:36 GMT | INFO | logout.log | SIGNOUT SUCCESS | 
Tue, 05 May 2020 05:36:53 GMT | INFO | logout.log | SIGNOUT SUCCESS | 
Tue, 05 May 2020 06:16:38 GMT | INFO | logout.log | SIGNOUT SUCCESS | 
Tue, 05 May 2020 06:22:28 GMT | INFO | logout.log | SIGNOUT SUCCESS | 
Tue, 05 May 2020 08:56:15 GMT | INFO | logout.log | SIGNOUT SUCCESS | 
Tue, 05 May 2020 09:11:30 GMT | INFO | logout.log | SIGNOUT SUCCESS | 
Tue, 05 May 2020 09:31:47 GMT | INFO | logout.log | SIGNOUT SUCCESS | 
Tue, 05 May 2020 09:33:24 GMT | INFO | logout.log | SIGNOUT SUCCESS | 
Fri, 08 May 2020 09:43:44 GMT | INFO | logout.log | SIGNOUT SUCCESS | 
Mon, 11 May 2020 02:44:15 GMT | INFO | logout.log | SIGNOUT SUCCESS | 
Mon, 11 May 2020 02:44:46 GMT | INFO | logout.log | SIGNOUT SUCCESS | 
Mon, 11 May 2020 04:14:07 GMT | INFO | logout.log | SIGNOUT SUCCESS | 
Mon, 11 May 2020 04:19:41 GMT | INFO | logout.log | SIGNOUT SUCCESS | 
Mon, 11 May 2020 04:21:43 GMT | INFO | logout.log | SIGNOUT SUCCESS | 
Mon, 11 May 2020 04:21:46 GMT | INFO | logout.log | SIGNOUT SUCCESS | 
Mon, 11 May 2020 04:23:06 GMT | INFO | logout.log | SIGNOUT SUCCESS | 
Mon, 11 May 2020 04:23:28 GMT | INFO | logout.log | SIGNOUT SUCCESS | 
Mon, 11 May 2020 04:24:26 GMT | INFO | logout.log | SIGNOUT SUCCESS | 
Mon, 11 May 2020 04:24:49 GMT | INFO | logout.log | SIGNOUT SUCCESS | 
Mon, 11 May 2020 04:27:20 GMT | INFO | logout.log | SIGNOUT SUCCESS | 
Mon, 11 May 2020 04:27:33 GMT | INFO | logout.log | SIGNOUT SUCCESS | 
Mon, 11 May 2020 04:28:33 GMT | INFO | logout.log | SIGNOUT SUCCESS | 
Mon, 11 May 2020 04:36:40 GMT | INFO | logout.log | SIGNOUT SUCCESS | 
Mon, 11 May 2020 04:40:01 GMT | INFO | logout.log | SIGNOUT SUCCESS | 
Mon, 11 May 2020 04:40:48 GMT | INFO | logout.log | SIGNOUT SUCCESS | 
Mon, 11 May 2020 04:41:16 GMT | INFO | logout.log | SIGNOUT SUCCESS | 
Mon, 11 May 2020 04:41:58 GMT | INFO | logout.log | SIGNOUT SUCCESS | 
Mon, 11 May 2020 05:19:49 GMT | INFO | logout.log | SIGNOUT SUCCESS | 
Mon, 11 May 2020 05:20:15 GMT | INFO | logout.log | SIGNOUT SUCCESS | 
Mon, 11 May 2020 05:23:44 GMT | INFO | logout.log | SIGNOUT SUCCESS | 
Mon, 11 May 2020 05:39:45 GMT | INFO | logout.log | SIGNOUT SUCCESS | 
Mon, 11 May 2020 07:05:29 GMT | INFO | logout.log | SIGNOUT SUCCESS | 
Wed, 20 May 2020 05:33:48 GMT | INFO | logout.log | SIGNOUT SUCCESS | 
Wed, 20 May 2020 05:37:53 GMT | INFO | logout.log | SIGNOUT SUCCESS | 
Wed, 20 May 2020 07:05:33 GMT | INFO | logout.log | SIGNOUT SUCCESS | 
Wed, 20 May 2020 09:07:37 GMT | INFO | logout.log | SIGNOUT SUCCESS | 
Wed, 20 May 2020 09:32:46 GMT | INFO | logout.log | SIGNOUT SUCCESS | 
Wed, 20 May 2020 09:55:03 GMT | INFO | logout.log | SIGNOUT SUCCESS | 
Wed, 20 May 2020 11:00:16 GMT | INFO | logout.log | SIGNOUT SUCCESS | 
Mon, 25 May 2020 15:03:49 GMT | INFO | logout.log | SIGNOUT SUCCESS | 
Tue, 02 Jun 2020 15:35:24 GMT | INFO | logout.log | SIGNOUT SUCCESS | 
Tue, 02 Jun 2020 15:36:19 GMT | INFO | logout.log | SIGNOUT SUCCESS | 
Tue, 02 Jun 2020 16:18:36 GMT | INFO | logout.log | SIGNOUT SUCCESS | 
Wed, 03 Jun 2020 06:10:40 GMT | INFO | logout.log | SIGNOUT SUCCESS | 
Wed, 03 Jun 2020 06:11:17 GMT | INFO | logout.log | SIGNOUT SUCCESS | 
Thu, 20 Aug 2020 04:35:45 GMT | INFO | logout.log | SIGNOUT SUCCESS | 
Tue, 25 Aug 2020 05:56:24 GMT | INFO | logout.log | SIGNOUT SUCCESS | 
Tue, 25 Aug 2020 07:16:43 GMT | INFO | logout.log | SIGNOUT SUCCESS | 
Wed, 26 Aug 2020 07:06:05 GMT | INFO | logout.log | SIGNOUT SUCCESS | 
Wed, 26 Aug 2020 07:06:30 GMT | INFO | logout.log | SIGNOUT SUCCESS | 
Wed, 26 Aug 2020 07:18:40 GMT | INFO | logout.log | SIGNOUT SUCCESS | 
Wed, 26 Aug 2020 07:19:28 GMT | INFO | logout.log | SIGNOUT SUCCESS | 
